<?xml version="1.0" encoding="UTF-8"?>
<!-- Generated by org.testng.reporters.JUnitXMLReporter -->
<testsuite ignored="3" hostname="DESKTOP-OGA0LUU" failures="0" tests="1" name="Default test" time="6.261" errors="0" timestamp="2025-11-20T00:50:47 EET">
  <testcase classname="Automation.MyTestCases" name="AddItemToTheCart" time="3.801"/>
  <testcase classname="Automation.MyTestCases" name="LogoutTest" time="0.0">
    <ignored/>
  </testcase> <!-- LogoutTest -->
  <testcase classname="Automation.MyTestCases" name="Login" time="0.0">
    <ignored/>
  </testcase> <!-- Login -->
  <testcase classname="Automation.MyTestCases" name="SignupTest" time="0.0">
    <ignored/>
  </testcase> <!-- SignupTest -->
</testsuite> <!-- Default test -->
