<?xml version="1.0" encoding="UTF-8"?>
<!-- Generated by org.testng.reporters.JUnitXMLReporter -->
<testsuite ignored="3" hostname="DESKTOP-OGA0LUU" failures="0" tests="1" name="Default test" time="6.614" errors="0" timestamp="2025-11-19T00:07:46 EET">
  <testcase classname="Automation.MyTestCases" name="AddItemToTheCart" time="2.818"/>
  <testcase classname="Automation.MyTestCases" name="SignupTest" time="0.0">
    <ignored/>
  </testcase> <!-- SignupTest -->
  <testcase classname="Automation.MyTestCases" name="LogoutTest" time="0.0">
    <ignored/>
  </testcase> <!-- LogoutTest -->
  <testcase classname="Automation.MyTestCases" name="Login" time="0.0">
    <ignored/>
  </testcase> <!-- Login -->
</testsuite> <!-- Default test -->
