<?xml version="1.0" encoding="UTF-8"?>
<!-- Generated by org.testng.reporters.JUnitReportReporter -->
<testsuite hostname="DESKTOP-OGA0LUU" failures="0" tests="4" name="Automation.MyTestCases" time="2.818" errors="0" timestamp="2025-11-19T00:07:46 EET" skipped="3">
  <testcase classname="Automation.MyTestCases" name="AddItemToTheCart" time="2.818"/>
  <testcase classname="Automation.MyTestCases" name="SignupTest">
    <skipped/>
  </testcase> <!-- SignupTest -->
  <testcase classname="Automation.MyTestCases" name="LogoutTest">
    <skipped/>
  </testcase> <!-- LogoutTest -->
  <testcase classname="Automation.MyTestCases" name="Login">
    <skipped/>
  </testcase> <!-- Login -->
</testsuite> <!-- Automation.MyTestCases -->
