<?xml version="1.0" encoding="UTF-8"?>
<!-- Generated by org.testng.reporters.JUnitReportReporter -->
<testsuite hostname="DESKTOP-OGA0LUU" failures="0" tests="4" name="Automation.MyTestCases" time="3.801" errors="0" timestamp="2025-11-20T00:50:47 EET" skipped="3">
  <testcase classname="Automation.MyTestCases" name="AddItemToTheCart" time="3.801"/>
  <testcase classname="Automation.MyTestCases" name="LogoutTest">
    <skipped/>
  </testcase> <!-- LogoutTest -->
  <testcase classname="Automation.MyTestCases" name="Login">
    <skipped/>
  </testcase> <!-- Login -->
  <testcase classname="Automation.MyTestCases" name="SignupTest">
    <skipped/>
  </testcase> <!-- SignupTest -->
</testsuite> <!-- Automation.MyTestCases -->
